[debug] [2021-11-12T12:52:50.183Z] ----------------------------------------------------------------------
[debug] [2021-11-12T12:52:50.186Z] Command:       C:\Program Files\nodejs\node.exe C:\Users\nasty\AppData\Roaming\npm\node_modules\firebase-tools\lib\bin\firebase.js init
[debug] [2021-11-12T12:52:50.187Z] CLI Version:   9.22.0
[debug] [2021-11-12T12:52:50.187Z] Platform:      win32
[debug] [2021-11-12T12:52:50.187Z] Node Version:  v14.17.5
[debug] [2021-11-12T12:52:50.191Z] Time:          Fri Nov 12 2021 15:52:50 GMT+0300 (Москва, стандартное время)
[debug] [2021-11-12T12:52:50.192Z] ----------------------------------------------------------------------
[debug] 
[debug] [2021-11-12T12:52:50.262Z] > command requires scopes: ["email","openid","https://www.googleapis.com/auth/cloudplatformprojects.readonly","https://www.googleapis.com/auth/firebase","https://www.googleapis.com/auth/cloud-platform"]
[debug] [2021-11-12T12:52:50.262Z] > authorizing via signed-in user (nastya.e.1234@gmail.com)
[info] 
     ######## #### ########  ######## ########     ###     ######  ########
     ##        ##  ##     ## ##       ##     ##  ##   ##  ##       ##
     ######    ##  ########  ######   ########  #########  ######  ######
     ##        ##  ##    ##  ##       ##     ## ##     ##       ## ##
     ##       #### ##     ## ######## ########  ##     ##  ######  ########

You're about to initialize a Firebase project in this directory:

  C:\Users\nasty\Desktop\Trav.io\trav.io

Before we get started, keep in mind:

  * You are initializing within an existing Firebase project directory

[info] 
=== Project Setup
[info] 
[info] First, let's associate this project directory with a Firebase project.
[info] You can create multiple project aliases by running firebase use --add, 
[info] but for now we'll just set up a default project.
[info] 
[info] i  .firebaserc already has a default project, using traviotest-1d6f9. 
[debug] [2021-11-12T12:52:59.109Z] > refreshing access token with scopes: []
[debug] [2021-11-12T12:52:59.110Z] >>> HTTP REQUEST POST https://www.googleapis.com/oauth2/v3/token  
 <request body omitted>
[debug] [2021-11-12T12:52:59.372Z] <<< HTTP RESPONSE 200 {"pragma":"no-cache","expires":"Mon, 01 Jan 1990 00:00:00 GMT","cache-control":"no-cache, no-store, max-age=0, must-revalidate","date":"Fri, 12 Nov 2021 12:52:58 GMT","content-type":"application/json; charset=utf-8","vary":"X-Origin, Referer, Origin,Accept-Encoding","server":"scaffolding on HTTPServer2","x-xss-protection":"0","x-frame-options":"SAMEORIGIN","x-content-type-options":"nosniff","alt-svc":"clear","accept-ranges":"none","transfer-encoding":"chunked"}
[debug] [2021-11-12T12:52:59.382Z] >>> [apiv2][query] GET https://firebase.googleapis.com/v1beta1/projects/traviotest-1d6f9 [none]
[debug] [2021-11-12T12:52:59.917Z] <<< [apiv2][status] GET https://firebase.googleapis.com/v1beta1/projects/traviotest-1d6f9 200
[debug] [2021-11-12T12:52:59.917Z] <<< [apiv2][body] GET https://firebase.googleapis.com/v1beta1/projects/traviotest-1d6f9 {"projectId":"traviotest-1d6f9","projectNumber":"758627930056","displayName":"travioTest","name":"projects/traviotest-1d6f9","resources":{"hostingSite":"traviotest-1d6f9"},"state":"ACTIVE"}
[info] 
=== Hosting Setup
[info] 
[info] Your public directory is the folder (relative to your project directory) that
[info] will contain Hosting assets to be uploaded with firebase deploy. If you
[info] have a build process for your assets, use your build's output directory.
[info] 
[debug] [2021-11-12T12:54:21.707Z] >>> [apiv2][query] GET https://www.gstatic.com/firebasejs/releases.json [none]
[debug] [2021-11-12T12:54:21.974Z] <<< [apiv2][status] GET https://www.gstatic.com/firebasejs/releases.json 200
[debug] [2021-11-12T12:54:21.974Z] <<< [apiv2][body] GET https://www.gstatic.com/firebasejs/releases.json {"current":{"version":"9.4.1","browserURL":"https://www.gstatic.com/firebasejs/9.4.1/firebase.js","packageURL":"https://www.gstatic.com/firebasejs/9.4.1/firebase.tgz"},"live":{"version":"9.4","browserURL":"https://www.gstatic.com/firebasejs/live/9.4/firebase.js","packageURL":"https://www.gstatic.com/firebasejs/live/9.4/firebase.tgz"},"components":{"analytics":"https://www.gstatic.com/firebasejs/9.4.1/firebase-analytics.js","app":"https://www.gstatic.com/firebasejs/9.4.1/firebase-app.js","app-check":"https://www.gstatic.com/firebasejs/9.4.1/firebase-app-check.js","auth":"https://www.gstatic.com/firebasejs/9.4.1/firebase-auth.js","auth/cordova":"https://www.gstatic.com/firebasejs/9.4.1/firebase-auth/cordova.js","auth/react-native":"https://www.gstatic.com/firebasejs/9.4.1/firebase-auth/react-native.js","functions":"https://www.gstatic.com/firebasejs/9.4.1/firebase-functions.js","firestore":"https://www.gstatic.com/firebasejs/9.4.1/firebase-firestore.js","firestore/lite":"https://www.gstatic.com/firebasejs/9.4.1/firebase-firestore/lite.js","storage":"https://www.gstatic.com/firebasejs/9.4.1/firebase-storage.js","performance":"https://www.gstatic.com/firebasejs/9.4.1/firebase-performance.js","remote-config":"https://www.gstatic.com/firebasejs/9.4.1/firebase-remote-config.js","messaging":"https://www.gstatic.com/firebasejs/9.4.1/firebase-messaging.js","messaging/sw":"https://www.gstatic.com/firebasejs/9.4.1/firebase-messaging/sw.js","database":"https://www.gstatic.com/firebasejs/9.4.1/firebase-database.js","firestore.memory":"https://www.gstatic.com/firebasejs/9.4.1/firebase-firestore.memory.js"}}
[info] i  Skipping write of build/index.html 
[info] 
[info] i  Detected a .git folder at C:\Users\nasty\Desktop\Trav.io\trav.io 
[info] i  Authorizing with GitHub to upload your service account to a GitHub repository's secrets store. 
[info] 
[info] Visit this URL on this device to log in:
[info] https://github.com/login/oauth/authorize?client_id=89cf50f02ac6aaed3484&state=434847122&redirect_uri=http%3A%2F%2Flocalhost%3A9005&scope=read%3Auser%20repo%20public_repo
[info] 
[info] Waiting for authentication...
[debug] [2021-11-12T12:54:25.964Z] >>> HTTP REQUEST POST https://github.com/login/oauth/access_token  
 {"client_id":"89cf50f02ac6aaed3484","client_secret":"3330d14abc895d9a74d5f17cd7a00711fa2c5bf0","code":"314f6a5be94bf79107ea","redirect_uri":"http://localhost:9005","state":"434847122"}
[debug] [2021-11-12T12:54:26.323Z] <<< HTTP RESPONSE 200 {"server":"GitHub.com","date":"Fri, 12 Nov 2021 12:54:25 GMT","content-type":"application/json; charset=utf-8","transfer-encoding":"chunked","vary":"X-PJAX, X-PJAX-Container, Accept-Encoding, Accept, X-Requested-With","permissions-policy":"interest-cohort=()","etag":"W/\"aad9fa4c694c6853a56726e01ebb2fee\"","cache-control":"max-age=0, private, must-revalidate","strict-transport-security":"max-age=31536000; includeSubdomains; preload","x-frame-options":"deny","x-content-type-options":"nosniff","x-xss-protection":"0","referrer-policy":"origin-when-cross-origin, strict-origin-when-cross-origin","expect-ct":"max-age=2592000, report-uri=\"https://api.github.com/_private/browser/errors\"","content-security-policy":"default-src 'none'; base-uri 'self'; block-all-mixed-content; child-src github.com/assets-cdn/worker/ gist.github.com/assets-cdn/worker/; connect-src 'self' uploads.github.com objects-origin.githubusercontent.com www.githubstatus.com collector.githubapp.com api.github.com github-cloud.s3.amazonaws.com github-production-repository-file-5c1aeb.s3.amazonaws.com github-production-upload-manifest-file-7fdce7.s3.amazonaws.com github-production-user-asset-6210df.s3.amazonaws.com cdn.optimizely.com logx.optimizely.com/v1/events translator.github.com wss://alive.github.com; font-src github.githubassets.com; form-action 'self' github.com gist.github.com objects-origin.githubusercontent.com; frame-ancestors 'none'; frame-src render.githubusercontent.com viewscreen.githubusercontent.com notebooks.githubusercontent.com; img-src 'self' data: github.githubassets.com identicons.github.com collector.githubapp.com github-cloud.s3.amazonaws.com secured-user-images.githubusercontent.com/ *.githubusercontent.com; manifest-src 'self'; media-src github.com user-images.githubusercontent.com/; script-src github.githubassets.com; style-src 'unsafe-inline' github.githubassets.com; worker-src github.com/assets-cdn/worker/ gist.github.com/assets-cdn/worker/","x-github-request-id":"8736:3BA7:507107:54053E:618E6401"}
[debug] [2021-11-12T12:54:26.329Z] >>> [apiv2][query] GET https://api.github.com/user [none]
[debug] [2021-11-12T12:54:26.703Z] <<< [apiv2][status] GET https://api.github.com/user 200
[debug] [2021-11-12T12:54:26.703Z] <<< [apiv2][body] GET https://api.github.com/user {"login":"AnastasiaEvl","id":86318616,"node_id":"MDQ6VXNlcjg2MzE4NjE2","avatar_url":"https://avatars.githubusercontent.com/u/86318616?v=4","gravatar_id":"","url":"https://api.github.com/users/AnastasiaEvl","html_url":"https://github.com/AnastasiaEvl","followers_url":"https://api.github.com/users/AnastasiaEvl/followers","following_url":"https://api.github.com/users/AnastasiaEvl/following{/other_user}","gists_url":"https://api.github.com/users/AnastasiaEvl/gists{/gist_id}","starred_url":"https://api.github.com/users/AnastasiaEvl/starred{/owner}{/repo}","subscriptions_url":"https://api.github.com/users/AnastasiaEvl/subscriptions","organizations_url":"https://api.github.com/users/AnastasiaEvl/orgs","repos_url":"https://api.github.com/users/AnastasiaEvl/repos","events_url":"https://api.github.com/users/AnastasiaEvl/events{/privacy}","received_events_url":"https://api.github.com/users/AnastasiaEvl/received_events","type":"User","site_admin":false,"name":null,"company":null,"blog":"","location":null,"email":null,"hireable":null,"bio":null,"twitter_username":null,"public_repos":16,"public_gists":0,"followers":0,"following":0,"created_at":"2021-06-22T17:39:43Z","updated_at":"2021-11-10T10:59:27Z","private_gists":0,"total_private_repos":0,"owned_private_repos":0,"disk_usage":100428,"collaborators":0,"two_factor_authentication":false,"plan":{"name":"free","space":976562499,"collaborators":0,"private_repos":10000}}
[info] 
[info] +  Success! Logged into GitHub as AnastasiaEvl 
[info] 
